<?xml version="1.0" encoding="UTF-8"?>
<!-- Generated by org.testng.reporters.JUnitReportReporter -->
<testsuite hostname="DESKTOP-F9KUR5D" failures="0" tests="1" name="test_Classes.Login_Test" time="32.176" errors="0" timestamp="2024-10-24T18:12:29 IST" skipped="0">
  <testcase classname="test_Classes.Login_Test" name="test_Login" time="32.176"/>
  <system-out/>
</testsuite> <!-- test_Classes.Login_Test -->
